#
# A fatal error has been detected by the Java Runtime Environment:
#
#  SIGILL (0x4) at pc=0x00007fff8e6562ea, pid=6909, tid=52383
#
# JRE version: Java(TM) SE Runtime Environment (8.0_31-b13) (build 1.8.0_31-b13)
# Java VM: Java HotSpot(TM) 64-Bit Server VM (25.31-b07 mixed mode bsd-amd64 compressed oops)
# Problematic frame:
# C  [libobjc.A.dylib+0x122ea]  _ZL10_objc_trapv+0x0
#
# Failed to write core dump. Core dumps have been disabled. To enable core dumping, try "ulimit -c unlimited" before starting Java again
#
# If you would like to submit a bug report, please visit:
#   http://bugreport.java.com/bugreport/crash.jsp
# The crash happened outside the Java Virtual Machine in native code.
# See problematic frame for where to report the bug.
#

---------------  T H R E A D  ---------------

Current thread (0x00007fd5bb9d2000):  JavaThread "AWT-EventQueue-0" [_thread_in_native, id=52383, stack(0x000000012ba25000,0x000000012bb25000)]

siginfo: si_signo: 4 (SIGILL), si_code: 1 (ILL_ILLOPC), si_addr: 0x00007fff8e6562ea

Registers:
RAX=0x0000000000000000, RBX=0x00007fd5badf3870, RCX=0x0000000000000000, RDX=0x00007fff752ec1e0
RSP=0x000000012bb1d8f8, RBP=0x000000012bb1d9e0, RSI=0x0000010000000100, RDI=0x0000000000000103
R8 =0x000000012bb1d8a0, R9 =0x00000000fe000000, R10=0x0000000000000000, R11=0x0000000000000140
R12=0x00007fff74637070, R13=0x00007fff752f5e80, R14=0x00007fff752f6c28, R15=0x00007fd5badf1fc8
RIP=0x00007fff8e6562ea, EFLAGS=0x0000000000010202, ERR=0x0000000000000000
  TRAPNO=0x0000000000000006

Top of Stack: (sp=0x000000012bb1d8f8)
0x000000012bb1d8f8:   00007fff8e65642a 00007fff755d2068
0x000000012bb1d908:   00007fd5badf3870 00007fff8a82236f
0x000000012bb1d918:   00007fff8a82236f 0000000000000054
0x000000012bb1d928:   00007fd5badf3870 401c000000000000
0x000000012bb1d938:   0000000000000000 000000012bb1d9a0
0x000000012bb1d948:   00007fff8e659da1 00007fff752f6c10
0x000000012bb1d958:   00007fff74637070 000000012bb1d9c0
0x000000012bb1d968:   00007fd5badf1fc8 000000012bb1d9a0
0x000000012bb1d978:   00007fff8a82236f 00007fff8a82236f
0x000000012bb1d988:   0000000000000000 00007fff748c12c8
0x000000012bb1d998:   00007fd5badf1fc8 000000012bb1d9e0
0x000000012bb1d9a8:   00007fff8e65b5ad 00007fd5bd43bf90
0x000000012bb1d9b8:   00007fd5bd43bb20 0000003000000018
0x000000012bb1d9c8:   000000012bb1d9f0 000000012bb1d900
0x000000012bb1d9d8:   00007fd5badf1fc8 000000012bb1da50
0x000000012bb1d9e8:   00007fff8e64dc87 401c000000000000
0x000000012bb1d9f8:   4035000000000000 0000000000000000
0x000000012bb1da08:   0000000000000001 000000012bb1da50
0x000000012bb1da18:   00007fff8db12dd2 a3004ab5c67afeb6
0x000000012bb1da28:   00007fff752f5e80 0000000000000000
0x000000012bb1da38:   00007fff752f5e80 00007fd5badf1fc8
0x000000012bb1da48:   00007fff752f6c00 000000012bb1dab0
0x000000012bb1da58:   00007fff8e64dac7 0000000000000d90
0x000000012bb1da68:   00007fd5badf3870 0000000000000d80
0x000000012bb1da78:   00007fd5badf1fc8 0000000000000000
0x000000012bb1da88:   0000000000000000 0000000000000000
0x000000012bb1da98:   0000002500000026 00007fd5badf3870
0x000000012bb1daa8:   00007fd5badf1f90 000000012bb1db90
0x000000012bb1dab8:   00007fff8a7b983a 0000000000001000
0x000000012bb1dac8:   000000010e71aa00 401c000000000000
0x000000012bb1dad8:   00007fff8f73a944 000000002b37b988
0x000000012bb1dae8:   000000010e717000 0000000000000001 

Instructions: (pc=0x00007fff8e6562ea)
0x00007fff8e6562ca:   c0 44 89 f2 e8 1f 08 01 00 48 8b 7d e0 e8 30 cc
0x00007fff8e6562da:   ff ff 48 8b 7d e0 e8 d3 15 ff ff e8 00 00 00 00
0x00007fff8e6562ea:   0f 0b 55 48 89 e5 48 81 ec d0 00 00 00 84 c0 74
0x00007fff8e6562fa:   26 0f 29 85 60 ff ff ff 0f 29 8d 70 ff ff ff 0f 

Register to memory mapping:

RAX=0x0000000000000000 is an unknown value
RBX=0x00007fd5badf3870 is an unknown value
RCX=0x0000000000000000 is an unknown value
RDX=0x00007fff752ec1e0: _ZZL14_objc_crashlogPKcE13crashlog_lock+0x20 in /usr/lib/libobjc.A.dylib at 0x00007fff8e644000
RSP=0x000000012bb1d8f8 is pointing into the stack for thread: 0x00007fd5bb9d2000
RBP=0x000000012bb1d9e0 is pointing into the stack for thread: 0x00007fd5bb9d2000
RSI=0x0000010000000100 is an unknown value
RDI=0x0000000000000103 is an unknown value
R8 =0x000000012bb1d8a0 is pointing into the stack for thread: 0x00007fd5bb9d2000
R9 =0x00000000fe000000 is an unknown value
R10=0x0000000000000000 is an unknown value
R11=0x0000000000000140 is an unknown value
R12=0x00007fff74637070: __stack_chk_guard+0 in /usr/lib/system/libsystem_c.dylib at 0x00007fff88ef4000
R13=0x00007fff752f5e80: _ZN12_GLOBAL__N_19SideTable9table_bufE+0 in /usr/lib/libobjc.A.dylib at 0x00007fff8e644000
R14=0x00007fff752f6c28: _ZN12_GLOBAL__N_19SideTable9table_bufE+0xda8 in /usr/lib/libobjc.A.dylib at 0x00007fff8e644000
R15=0x00007fd5badf1fc8 is an unknown value


Stack: [0x000000012ba25000,0x000000012bb25000],  sp=0x000000012bb1d8f8,  free space=994k
Native frames: (J=compiled Java code, j=interpreted, Vv=VM code, C=native code)
C  [libobjc.A.dylib+0x122ea]  _ZL10_objc_trapv+0x0
C  [libobjc.A.dylib+0x9c87]  class_getMethodImplementation+0x0
C  [libobjc.A.dylib+0x9ac7]  objc_storeWeak+0xe9
C  [CoreUI+0xb683a]  csiCompressImageProviderCopyImageBlockSetWithOptions+0x3f0
C  [CoreGraphics+0x3723c]  img_blocks_create+0x23e
C  [CoreGraphics+0x25d52]  img_data_lock+0x819
C  [CoreGraphics+0x245b6]  CGSImageDataLock+0x97
C  [libRIP.A.dylib+0xda02]  ripc_AcquireImage+0x38a
C  [libRIP.A.dylib+0x15b23]  ripc_DrawImages+0x8a1
C  [CoreGraphics+0x6e9b7]  CGContextDrawImages+0xd2
C  [CoreUI+0x9b345]  DrawNinePartImageWithOperation+0x153d
C  [CoreUI+0x99de8]  DrawNinePartElementFromRenditionWithOperation+0x1d7
C  [CoreUI+0xa0c67]  -[CUIThemeFacet _drawSpecificRenditionKey:rendition:inFrame:context:alpha:operation:isFocused:isFlipped:]+0x2be
C  [CoreUI+0xa08bb]  -[CUIThemeFacet _drawSpecificRenditionKey:inFrame:context:isFocused:isFlipped:]+0xa3
C  [CoreUI+0x9ec98]  -[CUIThemeFacet drawInFrame:isFocused:context:]+0x89
C  [CoreUI+0xedda]  _ZN20CUICoreThemeRenderer10DrawSimpleEP15CUIRenditionKeyPK13CUIDescriptora+0x232
C  [CoreUI+0x35d6f]  _ZN20CUICoreThemeRenderer4DrawEPK13CUIDescriptor17CGAffineTransformR13CUIReturnInfo+0x5b
C  [CoreUI+0x9391]  _ZN11CUIRenderer4DrawE6CGRectP9CGContextPK14__CFDictionaryPS5_+0x8e3
C  [CoreUI+0x45d6e]  CUIDraw+0xd9
C  [JavaRuntimeSupport+0x3cec]  -[_JRSYosemiteAndLaterRenderer draw:inContext:withBounds:]+0x144
C  [JavaRuntimeSupport+0x3866]  JRSUIControlDraw+0x3d
C  [libosxui.dylib+0x2638]  doPaintImage+0x15e
C  [libosxui.dylib+0x27ac]  Java_apple_laf_JRSUIControl_paintImage+0x27
j  apple.laf.JRSUIControl.paintImage([IIIJJJDDDD)I+0
j  apple.laf.JRSUIControl.paintImage([IIIDDDD)I+33
j  apple.laf.JRSUIControl.paint([IIIDDDD)V+12
j  com.apple.laf.AquaPainter$AquaSingleImagePainter.createImage(IIIILjava/awt/Rectangle;Lapple/laf/JRSUIControl;Lapple/laf/JRSUIState;)Ljava/awt/Image;+74
j  com.apple.laf.AquaPainter$AquaSingleImagePainter.paintFromSingleCachedImage(Ljava/awt/Graphics2D;Lapple/laf/JRSUIControl;Lapple/laf/JRSUIState;Ljava/awt/Rectangle;)V+124
j  com.apple.laf.AquaPainter$AquaSingleImagePainter.paint(Ljava/awt/Graphics2D;Lapple/laf/JRSUIState;)V+10
j  com.apple.laf.AquaPainter.paint(Ljava/awt/Graphics;Ljava/awt/Component;IIII)V+40
j  com.apple.laf.AquaButtonBorder.doButtonPaint(Ljavax/swing/AbstractButton;Ljavax/swing/ButtonModel;Ljava/awt/Graphics;IIII)V+14
j  com.apple.laf.AquaButtonBorder$Dynamic.doButtonPaint(Ljavax/swing/AbstractButton;Ljavax/swing/ButtonModel;Ljava/awt/Graphics;IIII)V+101
j  com.apple.laf.AquaButtonBorder.paintButton(Ljava/awt/Component;Ljava/awt/Graphics;IIII)V+159
j  com.apple.laf.AquaButtonUI.paint(Ljava/awt/Graphics;Ljavax/swing/JComponent;)V+149
j  javax.swing.plaf.ComponentUI.update(Ljava/awt/Graphics;Ljavax/swing/JComponent;)V+32
j  javax.swing.JComponent.paintComponent(Ljava/awt/Graphics;)V+26
J 1299 C1 javax.swing.JComponent.paint(Ljava/awt/Graphics;)V (409 bytes) @ 0x0000000110542774 [0x0000000110540f00+0x1874]
J 1470 C1 javax.swing.JComponent.paintChildren(Ljava/awt/Graphics;)V (669 bytes) @ 0x00000001105bc6dc [0x00000001105b9280+0x345c]
J 1299 C1 javax.swing.JComponent.paint(Ljava/awt/Graphics;)V (409 bytes) @ 0x0000000110542c0c [0x0000000110540f00+0x1d0c]
j  javax.swing.JComponent.paintToOffscreen(Ljava/awt/Graphics;IIIIII)V+41
j  javax.swing.RepaintManager$PaintManager.paintDoubleBuffered(Ljavax/swing/JComponent;Ljava/awt/Image;Ljava/awt/Graphics;IIII)V+163
j  javax.swing.RepaintManager$PaintManager.paint(Ljavax/swing/JComponent;Ljavax/swing/JComponent;Ljava/awt/Graphics;IIII)Z+116
J 1706 C1 javax.swing.RepaintManager.paint(Ljavax/swing/JComponent;Ljavax/swing/JComponent;Ljava/awt/Graphics;IIII)V (93 bytes) @ 0x00000001106930cc [0x0000000110692be0+0x4ec]
J 1736 C1 javax.swing.JComponent._paintImmediately(IIII)V (891 bytes) @ 0x00000001106b1504 [0x00000001106ae120+0x33e4]
J 1600 C1 javax.swing.JComponent.paintImmediately(IIII)V (155 bytes) @ 0x000000011062c50c [0x000000011062b760+0xdac]
J 1726 C1 javax.swing.RepaintManager$4.run()Ljava/lang/Void; (278 bytes) @ 0x00000001106a1fc4 [0x00000001106a1920+0x6a4]
J 1587 C1 javax.swing.RepaintManager$4.run()Ljava/lang/Object; (5 bytes) @ 0x000000011062154c [0x00000001106214c0+0x8c]
v  ~StubRoutines::call_stub
V  [libjvm.dylib+0x2d4442]
V  [libjvm.dylib+0x32ade2]
J 505  java.security.AccessController.doPrivileged(Ljava/security/PrivilegedAction;Ljava/security/AccessControlContext;)Ljava/lang/Object; (0 bytes) @ 0x000000011032e195 [0x000000011032e0c0+0xd5]
J 522 C1 java.security.ProtectionDomain$1.doIntersectionPrivilege(Ljava/security/PrivilegedAction;Ljava/security/AccessControlContext;Ljava/security/AccessControlContext;)Ljava/lang/Object; (32 bytes) @ 0x0000000110331d44 [0x0000000110331a40+0x304]
j  javax.swing.RepaintManager.paintDirtyRegions(Ljava/util/Map;)V+154
j  javax.swing.RepaintManager.paintDirtyRegions()V+46
J 1593 C1 javax.swing.RepaintManager.prePaintDirtyRegions()V (91 bytes) @ 0x00000001106270fc [0x0000000110626ac0+0x63c]
J 1733 C1 javax.swing.RepaintManager$ProcessingRunnable.run()V (41 bytes) @ 0x00000001106aa49c [0x00000001106aa240+0x25c]
J 847 C1 java.awt.event.InvocationEvent.dispatch()V (69 bytes) @ 0x00000001103f4154 [0x00000001103f3f40+0x214]
J 813 C1 java.awt.EventQueue.dispatchEventImpl(Ljava/awt/AWTEvent;Ljava/lang/Object;)V (149 bytes) @ 0x00000001103deb0c [0x00000001103dd200+0x190c]
J 811 C1 java.awt.EventQueue$3.run()Ljava/lang/Void; (60 bytes) @ 0x00000001103dc614 [0x00000001103dc400+0x214]
J 810 C1 java.awt.EventQueue$3.run()Ljava/lang/Object; (5 bytes) @ 0x00000001103dc08c [0x00000001103dc000+0x8c]
v  ~StubRoutines::call_stub
V  [libjvm.dylib+0x2d4442]
V  [libjvm.dylib+0x32ade2]
J 505  java.security.AccessController.doPrivileged(Ljava/security/PrivilegedAction;Ljava/security/AccessControlContext;)Ljava/lang/Object; (0 bytes) @ 0x000000011032e195 [0x000000011032e0c0+0xd5]
J 705 C1 java.awt.EventQueue.dispatchEvent(Ljava/awt/AWTEvent;)V (80 bytes) @ 0x000000011039d064 [0x000000011039c7a0+0x8c4]
J 815 C1 java.awt.EventDispatchThread.pumpOneEventForFilters(I)V (295 bytes) @ 0x00000001103e1b84 [0x00000001103dfec0+0x1cc4]
j  java.awt.EventDispatchThread.pumpEventsForFilter(ILjava/awt/Conditional;Ljava/awt/EventFilter;)V+35
j  java.awt.EventDispatchThread.pumpEventsForHierarchy(ILjava/awt/Conditional;Ljava/awt/Component;)V+11
j  java.awt.EventDispatchThread.pumpEvents(ILjava/awt/Conditional;)V+4
j  java.awt.EventDispatchThread.pumpEvents(Ljava/awt/Conditional;)V+3
j  java.awt.EventDispatchThread.run()V+9
v  ~StubRoutines::call_stub
V  [libjvm.dylib+0x2d4442]
V  [libjvm.dylib+0x2d4bd0]
V  [libjvm.dylib+0x2d4d7c]
V  [libjvm.dylib+0x32576f]
V  [libjvm.dylib+0x5360cf]
V  [libjvm.dylib+0x53780c]
V  [libjvm.dylib+0x45d772]
C  [libsystem_pthread.dylib+0x405a]  _pthread_body+0x83
C  [libsystem_pthread.dylib+0x3fd7]  _pthread_body+0x0
C  [libsystem_pthread.dylib+0x13ed]  thread_start+0xd
C  0x0000000000000000

Java frames: (J=compiled Java code, j=interpreted, Vv=VM code)
j  apple.laf.JRSUIControl.paintImage([IIIJJJDDDD)I+0
j  apple.laf.JRSUIControl.paintImage([IIIDDDD)I+33
j  apple.laf.JRSUIControl.paint([IIIDDDD)V+12
j  com.apple.laf.AquaPainter$AquaSingleImagePainter.createImage(IIIILjava/awt/Rectangle;Lapple/laf/JRSUIControl;Lapple/laf/JRSUIState;)Ljava/awt/Image;+74
j  com.apple.laf.AquaPainter$AquaSingleImagePainter.paintFromSingleCachedImage(Ljava/awt/Graphics2D;Lapple/laf/JRSUIControl;Lapple/laf/JRSUIState;Ljava/awt/Rectangle;)V+124
j  com.apple.laf.AquaPainter$AquaSingleImagePainter.paint(Ljava/awt/Graphics2D;Lapple/laf/JRSUIState;)V+10
j  com.apple.laf.AquaPainter.paint(Ljava/awt/Graphics;Ljava/awt/Component;IIII)V+40
j  com.apple.laf.AquaButtonBorder.doButtonPaint(Ljavax/swing/AbstractButton;Ljavax/swing/ButtonModel;Ljava/awt/Graphics;IIII)V+14
j  com.apple.laf.AquaButtonBorder$Dynamic.doButtonPaint(Ljavax/swing/AbstractButton;Ljavax/swing/ButtonModel;Ljava/awt/Graphics;IIII)V+101
j  com.apple.laf.AquaButtonBorder.paintButton(Ljava/awt/Component;Ljava/awt/Graphics;IIII)V+159
j  com.apple.laf.AquaButtonUI.paint(Ljava/awt/Graphics;Ljavax/swing/JComponent;)V+149
j  javax.swing.plaf.ComponentUI.update(Ljava/awt/Graphics;Ljavax/swing/JComponent;)V+32
j  javax.swing.JComponent.paintComponent(Ljava/awt/Graphics;)V+26
J 1299 C1 javax.swing.JComponent.paint(Ljava/awt/Graphics;)V (409 bytes) @ 0x0000000110542774 [0x0000000110540f00+0x1874]
J 1470 C1 javax.swing.JComponent.paintChildren(Ljava/awt/Graphics;)V (669 bytes) @ 0x00000001105bc6dc [0x00000001105b9280+0x345c]
J 1299 C1 javax.swing.JComponent.paint(Ljava/awt/Graphics;)V (409 bytes) @ 0x0000000110542c0c [0x0000000110540f00+0x1d0c]
j  javax.swing.JComponent.paintToOffscreen(Ljava/awt/Graphics;IIIIII)V+41
j  javax.swing.RepaintManager$PaintManager.paintDoubleBuffered(Ljavax/swing/JComponent;Ljava/awt/Image;Ljava/awt/Graphics;IIII)V+163
j  javax.swing.RepaintManager$PaintManager.paint(Ljavax/swing/JComponent;Ljavax/swing/JComponent;Ljava/awt/Graphics;IIII)Z+116
J 1706 C1 javax.swing.RepaintManager.paint(Ljavax/swing/JComponent;Ljavax/swing/JComponent;Ljava/awt/Graphics;IIII)V (93 bytes) @ 0x00000001106930cc [0x0000000110692be0+0x4ec]
J 1736 C1 javax.swing.JComponent._paintImmediately(IIII)V (891 bytes) @ 0x00000001106b1504 [0x00000001106ae120+0x33e4]
J 1600 C1 javax.swing.JComponent.paintImmediately(IIII)V (155 bytes) @ 0x000000011062c50c [0x000000011062b760+0xdac]
J 1726 C1 javax.swing.RepaintManager$4.run()Ljava/lang/Void; (278 bytes) @ 0x00000001106a1fc4 [0x00000001106a1920+0x6a4]
J 1587 C1 javax.swing.RepaintManager$4.run()Ljava/lang/Object; (5 bytes) @ 0x000000011062154c [0x00000001106214c0+0x8c]
v  ~StubRoutines::call_stub
J 505  java.security.AccessController.doPrivileged(Ljava/security/PrivilegedAction;Ljava/security/AccessControlContext;)Ljava/lang/Object; (0 bytes) @ 0x000000011032e123 [0x000000011032e0c0+0x63]
J 522 C1 java.security.ProtectionDomain$1.doIntersectionPrivilege(Ljava/security/PrivilegedAction;Ljava/security/AccessControlContext;Ljava/security/AccessControlContext;)Ljava/lang/Object; (32 bytes) @ 0x0000000110331d44 [0x0000000110331a40+0x304]
j  javax.swing.RepaintManager.paintDirtyRegions(Ljava/util/Map;)V+154
j  javax.swing.RepaintManager.paintDirtyRegions()V+46
J 1593 C1 javax.swing.RepaintManager.prePaintDirtyRegions()V (91 bytes) @ 0x00000001106270fc [0x0000000110626ac0+0x63c]
J 1733 C1 javax.swing.RepaintManager$ProcessingRunnable.run()V (41 bytes) @ 0x00000001106aa49c [0x00000001106aa240+0x25c]
J 847 C1 java.awt.event.InvocationEvent.dispatch()V (69 bytes) @ 0x00000001103f4154 [0x00000001103f3f40+0x214]
J 813 C1 java.awt.EventQueue.dispatchEventImpl(Ljava/awt/AWTEvent;Ljava/lang/Object;)V (149 bytes) @ 0x00000001103deb0c [0x00000001103dd200+0x190c]
J 811 C1 java.awt.EventQueue$3.run()Ljava/lang/Void; (60 bytes) @ 0x00000001103dc614 [0x00000001103dc400+0x214]
J 810 C1 java.awt.EventQueue$3.run()Ljava/lang/Object; (5 bytes) @ 0x00000001103dc08c [0x00000001103dc000+0x8c]
v  ~StubRoutines::call_stub
J 505  java.security.AccessController.doPrivileged(Ljava/security/PrivilegedAction;Ljava/security/AccessControlContext;)Ljava/lang/Object; (0 bytes) @ 0x000000011032e123 [0x000000011032e0c0+0x63]
J 705 C1 java.awt.EventQueue.dispatchEvent(Ljava/awt/AWTEvent;)V (80 bytes) @ 0x000000011039d064 [0x000000011039c7a0+0x8c4]
J 815 C1 java.awt.EventDispatchThread.pumpOneEventForFilters(I)V (295 bytes) @ 0x00000001103e1b84 [0x00000001103dfec0+0x1cc4]
j  java.awt.EventDispatchThread.pumpEventsForFilter(ILjava/awt/Conditional;Ljava/awt/EventFilter;)V+35
j  java.awt.EventDispatchThread.pumpEventsForHierarchy(ILjava/awt/Conditional;Ljava/awt/Component;)V+11
j  java.awt.EventDispatchThread.pumpEvents(ILjava/awt/Conditional;)V+4
j  java.awt.EventDispatchThread.pumpEvents(Ljava/awt/Conditional;)V+3
j  java.awt.EventDispatchThread.run()V+9
v  ~StubRoutines::call_stub

---------------  P R O C E S S  ---------------

Java Threads: ( => current thread )
  0x00007fd5bc806800 JavaThread "DestroyJavaVM" [_thread_blocked, id=4867, stack(0x0000000110001000,0x0000000110101000)]
  0x00007fd5bba73000 JavaThread "Thread-1" [_thread_blocked, id=58651, stack(0x000000012cf31000,0x000000012d031000)]
  0x00007fd5bc12f800 JavaThread "TimerQueue" daemon [_thread_blocked, id=58375, stack(0x000000012bf2d000,0x000000012c02d000)]
=>0x00007fd5bb9d2000 JavaThread "AWT-EventQueue-0" [_thread_in_native, id=52383, stack(0x000000012ba25000,0x000000012bb25000)]
  0x00007fd5bc959800 JavaThread "Java2D Queue Flusher" daemon [_thread_blocked, id=49927, stack(0x0000000129fec000,0x000000012a0ec000)]
  0x00007fd5bc07b000 JavaThread "Java2D Disposer" daemon [_thread_blocked, id=48655, stack(0x0000000129ee9000,0x0000000129fe9000)]
  0x00007fd5bb0a2800 JavaThread "AWT-Shutdown" [_thread_blocked, id=27923, stack(0x00000001273d9000,0x00000001274d9000)]
  0x00007fd5bb059800 JavaThread "AppKit Thread" daemon [_thread_in_native, id=1811, stack(0x00007fff50d03000,0x00007fff51503000)]
  0x00007fd5bc862800 JavaThread "Service Thread" daemon [_thread_blocked, id=18179, stack(0x00000001258c8000,0x00000001259c8000)]
  0x00007fd5bb81d800 JavaThread "C1 CompilerThread2" daemon [_thread_blocked, id=17667, stack(0x00000001257c5000,0x00000001258c5000)]
  0x00007fd5bb81c800 JavaThread "C2 CompilerThread1" daemon [_thread_blocked, id=17155, stack(0x00000001256c2000,0x00000001257c2000)]
  0x00007fd5bb82a800 JavaThread "C2 CompilerThread0" daemon [_thread_blocked, id=16643, stack(0x00000001255bf000,0x00000001256bf000)]
  0x00007fd5bb807800 JavaThread "Signal Dispatcher" daemon [_thread_blocked, id=16163, stack(0x00000001254bc000,0x00000001255bc000)]
  0x00007fd5bb80d800 JavaThread "Finalizer" daemon [_thread_blocked, id=11523, stack(0x0000000123ab1000,0x0000000123bb1000)]
  0x00007fd5bb80d000 JavaThread "Reference Handler" daemon [_thread_blocked, id=11011, stack(0x00000001239ae000,0x0000000123aae000)]

Other Threads:
  0x00007fd5bc85c000 VMThread [stack: 0x00000001238ab000,0x00000001239ab000] [id=10499]
  0x00007fd5bc863000 WatcherThread [stack: 0x00000001259cb000,0x0000000125acb000] [id=18691]

VM state:not at safepoint (normal execution)

VM Mutex/Monitor currently owned by a thread: None

Heap:
 PSYoungGen      total 18944K, used 14090K [0x00000007aab00000, 0x00000007ac000000, 0x00000007c0000000)
  eden space 16384K, 70% used [0x00000007aab00000,0x00000007ab648e28,0x00000007abb00000)
  from space 2560K, 99% used [0x00000007abd80000,0x00000007abff9ad0,0x00000007ac000000)
  to   space 2560K, 0% used [0x00000007abb00000,0x00000007abb00000,0x00000007abd80000)
 ParOldGen       total 44032K, used 3021K [0x0000000780000000, 0x0000000782b00000, 0x00000007aab00000)
  object space 44032K, 6% used [0x0000000780000000,0x00000007802f34b8,0x0000000782b00000)
 Metaspace       used 13132K, capacity 13304K, committed 13440K, reserved 1060864K
  class space    used 1540K, capacity 1581K, committed 1664K, reserved 1048576K

Card table byte_map: [0x000000011f4c3000,0x000000011f6c4000] byte_map_base: 0x000000011b8c3000

Marking Bits: (ParMarkBitMap*) 0x000000010f099410
 Begin Bits: [0x000000011fc26000, 0x0000000120c26000)
 End Bits:   [0x0000000120c26000, 0x0000000121c26000)

Polling page: 0x000000010f773000

CodeCache: size=245760Kb used=6026Kb max_used=6039Kb free=239733Kb
 bounds [0x0000000110103000, 0x00000001106f3000, 0x000000011f103000]
 total_blobs=2333 nmethods=1790 adapters=457
 compilation: enabled

Compilation events (10 events):
Event: 10.902 Thread 0x00007fd5bb81c800 nmethod 1779 0x00000001106da950 code [0x00000001106dadc0, 0x00000001106dde20]
Event: 10.902 Thread 0x00007fd5bb81c800 1781       4       java.awt.Font$FontAccessImpl::getFont2D (5 bytes)
Event: 10.906 Thread 0x00007fd5bb81c800 nmethod 1781 0x00000001106d71d0 code [0x00000001106d7360, 0x00000001106d7708]
Event: 10.915 Thread 0x00007fd5bb82a800 nmethod 1780 0x00000001106e7210 code [0x00000001106e76a0, 0x00000001106eac00]
Event: 10.917 Thread 0x00007fd5bb81c800 1788       4       java.util.IdentityHashMap::clear (39 bytes)
Event: 10.919 Thread 0x00007fd5bb81c800 nmethod 1788 0x00000001106d6ed0 code [0x00000001106d7020, 0x00000001106d7138]
Event: 10.923 Thread 0x00007fd5bb82a800 1789       4       java.awt.font.FontRenderContext::equals (127 bytes)
Event: 10.925 Thread 0x00007fd5bb82a800 nmethod 1789 0x00000001106e6b90 code [0x00000001106e6d40, 0x00000001106e6f80]
Event: 10.937 Thread 0x00007fd5bb81c800 1790       4       sun.font.AttributeValues::merge (82 bytes)
Event: 10.940 Thread 0x00007fd5bb81c800 nmethod 1790 0x00000001106e6610 code [0x00000001106e6780, 0x00000001106e6970]

GC Heap History (4 events):
Event: 3.437 GC heap before
{Heap before GC invocations=1 (full 0):
 PSYoungGen      total 18944K, used 16384K [0x00000007aab00000, 0x00000007ac000000, 0x00000007c0000000)
  eden space 16384K, 100% used [0x00000007aab00000,0x00000007abb00000,0x00000007abb00000)
  from space 2560K, 0% used [0x00000007abd80000,0x00000007abd80000,0x00000007ac000000)
  to   space 2560K, 0% used [0x00000007abb00000,0x00000007abb00000,0x00000007abd80000)
 ParOldGen       total 44032K, used 0K [0x0000000780000000, 0x0000000782b00000, 0x00000007aab00000)
  object space 44032K, 0% used [0x0000000780000000,0x0000000780000000,0x0000000782b00000)
 Metaspace       used 11718K, capacity 11882K, committed 12032K, reserved 1060864K
  class space    used 1474K, capacity 1516K, committed 1536K, reserved 1048576K
Event: 3.443 GC heap after
Heap after GC invocations=1 (full 0):
 PSYoungGen      total 18944K, used 2534K [0x00000007aab00000, 0x00000007ac000000, 0x00000007c0000000)
  eden space 16384K, 0% used [0x00000007aab00000,0x00000007aab00000,0x00000007abb00000)
  from space 2560K, 98% used [0x00000007abb00000,0x00000007abd798d0,0x00000007abd80000)
  to   space 2560K, 0% used [0x00000007abd80000,0x00000007abd80000,0x00000007ac000000)
 ParOldGen       total 44032K, used 2765K [0x0000000780000000, 0x0000000782b00000, 0x00000007aab00000)
  object space 44032K, 6% used [0x0000000780000000,0x00000007802b34b8,0x0000000782b00000)
 Metaspace       used 11718K, capacity 11882K, committed 12032K, reserved 1060864K
  class space    used 1474K, capacity 1516K, committed 1536K, reserved 1048576K
}
Event: 3.774 GC heap before
{Heap before GC invocations=2 (full 0):
 PSYoungGen      total 18944K, used 18750K [0x00000007aab00000, 0x00000007ac000000, 0x00000007c0000000)
  eden space 16384K, 98% used [0x00000007aab00000,0x00000007abad5fc8,0x00000007abb00000)
  from space 2560K, 98% used [0x00000007abb00000,0x00000007abd798d0,0x00000007abd80000)
  to   space 2560K, 0% used [0x00000007abd80000,0x00000007abd80000,0x00000007ac000000)
 ParOldGen       total 44032K, used 2765K [0x0000000780000000, 0x0000000782b00000, 0x00000007aab00000)
  object space 44032K, 6% used [0x0000000780000000,0x00000007802b34b8,0x0000000782b00000)
 Metaspace       used 11842K, capacity 11984K, committed 12160K, reserved 1060864K
  class space    used 1490K, capacity 1549K, committed 1664K, reserved 1048576K
Event: 3.778 GC heap after
Heap after GC invocations=2 (full 0):
 PSYoungGen      total 18944K, used 2534K [0x00000007aab00000, 0x00000007ac000000, 0x00000007c0000000)
  eden space 16384K, 0% used [0x00000007aab00000,0x00000007aab00000,0x00000007abb00000)
  from space 2560K, 99% used [0x00000007abd80000,0x00000007abff9ad0,0x00000007ac000000)
  to   space 2560K, 0% used [0x00000007abb00000,0x00000007abb00000,0x00000007abd80000)
 ParOldGen       total 44032K, used 3021K [0x0000000780000000, 0x0000000782b00000, 0x00000007aab00000)
  object space 44032K, 6% used [0x0000000780000000,0x00000007802f34b8,0x0000000782b00000)
 Metaspace       used 11842K, capacity 11984K, committed 12160K, reserved 1060864K
  class space    used 1490K, capacity 1549K, committed 1664K, reserved 1048576K
}

Deoptimization events (4 events):
Event: 2.027 Thread 0x00007fd5bb9d2000 Uncommon trap: reason=class_check action=maybe_recompile pc=0x0000000110292458 method=java.lang.String.equals(Ljava/lang/Object;)Z @ 8
Event: 2.027 Thread 0x00007fd5bb9d2000 Uncommon trap: reason=class_check action=maybe_recompile pc=0x0000000110292458 method=java.lang.String.equals(Ljava/lang/Object;)Z @ 8
Event: 2.040 Thread 0x00007fd5bb9d2000 Uncommon trap: reason=class_check action=maybe_recompile pc=0x0000000110292458 method=java.lang.String.equals(Ljava/lang/Object;)Z @ 8
Event: 2.040 Thread 0x00007fd5bb9d2000 Uncommon trap: reason=class_check action=maybe_recompile pc=0x0000000110292458 method=java.lang.String.equals(Ljava/lang/Object;)Z @ 8

Internal exceptions (10 events):
Event: 0.974 Thread 0x00007fd5bc806800 Exception <a 'java/security/PrivilegedActionException'> (0x00000007aafb55d0) thrown at [/Users/java_re/workspace/8-2-build-macosx-x86_64/jdk8u31/2394/hotspot/src/share/vm/prims/jvm.cpp, line 1312]
Event: 0.974 Thread 0x00007fd5bc806800 Exception <a 'java/security/PrivilegedActionException'> (0x00000007aafb67b0) thrown at [/Users/java_re/workspace/8-2-build-macosx-x86_64/jdk8u31/2394/hotspot/src/share/vm/prims/jvm.cpp, line 1312]
Event: 0.975 Thread 0x00007fd5bc806800 Exception <a 'java/security/PrivilegedActionException'> (0x00000007aafba118) thrown at [/Users/java_re/workspace/8-2-build-macosx-x86_64/jdk8u31/2394/hotspot/src/share/vm/prims/jvm.cpp, line 1312]
Event: 0.975 Thread 0x00007fd5bc806800 Exception <a 'java/security/PrivilegedActionException'> (0x00000007aafbb328) thrown at [/Users/java_re/workspace/8-2-build-macosx-x86_64/jdk8u31/2394/hotspot/src/share/vm/prims/jvm.cpp, line 1312]
Event: 0.976 Thread 0x00007fd5bc806800 Exception <a 'java/security/PrivilegedActionException'> (0x00000007aafc7168) thrown at [/Users/java_re/workspace/8-2-build-macosx-x86_64/jdk8u31/2394/hotspot/src/share/vm/prims/jvm.cpp, line 1312]
Event: 0.976 Thread 0x00007fd5bc806800 Exception <a 'java/security/PrivilegedActionException'> (0x00000007aafc84e8) thrown at [/Users/java_re/workspace/8-2-build-macosx-x86_64/jdk8u31/2394/hotspot/src/share/vm/prims/jvm.cpp, line 1312]
Event: 3.641 Thread 0x00007fd5bc806800 Exception <a 'java/security/PrivilegedActionException'> (0x00000007ab9cd6b8) thrown at [/Users/java_re/workspace/8-2-build-macosx-x86_64/jdk8u31/2394/hotspot/src/share/vm/prims/jvm.cpp, line 1312]
Event: 3.642 Thread 0x00007fd5bc806800 Exception <a 'java/security/PrivilegedActionException'> (0x00000007ab9d2048) thrown at [/Users/java_re/workspace/8-2-build-macosx-x86_64/jdk8u31/2394/hotspot/src/share/vm/prims/jvm.cpp, line 1312]
Event: 3.682 Thread 0x00007fd5bc806800 Exception <a 'java/security/PrivilegedActionException'> (0x00000007ab9db800) thrown at [/Users/java_re/workspace/8-2-build-macosx-x86_64/jdk8u31/2394/hotspot/src/share/vm/prims/jvm.cpp, line 1312]
Event: 3.702 Thread 0x00007fd5bba73000 Exception <a 'java/security/PrivilegedActionException'> (0x00000007abac7460) thrown at [/Users/java_re/workspace/8-2-build-macosx-x86_64/jdk8u31/2394/hotspot/src/share/vm/prims/jvm.cpp, line 1312]

Events (10 events):
Event: 4.209 Executing VM operation: EnableBiasedLocking
Event: 4.210 Executing VM operation: EnableBiasedLocking done
Event: 10.059 Executing VM operation: ForceSafepoint
Event: 10.060 Executing VM operation: ForceSafepoint done
Event: 10.534 loading class java/awt/image/BufferedImageOp
Event: 10.534 loading class java/awt/image/BufferedImageOp done
Event: 10.679 Executing VM operation: ForceSafepoint
Event: 10.679 Executing VM operation: ForceSafepoint done
Event: 10.917 Thread 0x00007fd5bb9d2000 DEOPT PACKING pc=0x00000001104acdfe sp=0x000000012bb236f0
Event: 10.917 Thread 0x00007fd5bb9d2000 DEOPT UNPACKING pc=0x000000011014a373 sp=0x000000012bb23430 mode 0


Dynamic libraries:
0x0000000003a1c000 	/System/Library/Frameworks/Cocoa.framework/Versions/A/Cocoa
0x0000000003a1c000 	/System/Library/Frameworks/Security.framework/Versions/A/Security
0x0000000003a1c000 	/System/Library/Frameworks/ApplicationServices.framework/Versions/A/ApplicationServices
0x0000000003a1c000 	/usr/lib/libz.1.dylib
0x0000000003a1c000 	/usr/lib/libSystem.B.dylib
0x0000000003a1c000 	/usr/lib/libobjc.A.dylib
0x0000000003a1c000 	/System/Library/Frameworks/CoreFoundation.framework/Versions/A/CoreFoundation
0x0000000003a1c000 	/System/Library/Frameworks/Foundation.framework/Versions/C/Foundation
0x0000000003a1c000 	/System/Library/Frameworks/AppKit.framework/Versions/C/AppKit
0x0000000003a1c000 	/System/Library/Frameworks/CoreData.framework/Versions/A/CoreData
0x0000000003a1c000 	/System/Library/PrivateFrameworks/RemoteViewServices.framework/Versions/A/RemoteViewServices
0x0000000003a1c000 	/System/Library/PrivateFrameworks/UIFoundation.framework/Versions/A/UIFoundation
0x0000000003a1c000 	/System/Library/Frameworks/IOSurface.framework/Versions/A/IOSurface
0x0000000003a1c000 	/System/Library/Frameworks/AudioToolbox.framework/Versions/A/AudioToolbox
0x0000000003a1c000 	/System/Library/Frameworks/AudioUnit.framework/Versions/A/AudioUnit
0x0000000003a1c000 	/System/Library/PrivateFrameworks/DataDetectorsCore.framework/Versions/A/DataDetectorsCore
0x0000000003a1c000 	/System/Library/PrivateFrameworks/DesktopServicesPriv.framework/Versions/A/DesktopServicesPriv
0x0000000003a1c000 	/System/Library/Frameworks/Carbon.framework/Versions/A/Frameworks/HIToolbox.framework/Versions/A/HIToolbox
0x0000000003a1c000 	/System/Library/Frameworks/QuartzCore.framework/Versions/A/QuartzCore
0x0000000003a1c000 	/System/Library/Frameworks/Carbon.framework/Versions/A/Frameworks/SpeechRecognition.framework/Versions/A/SpeechRecognition
0x0000000003a1c000 	/usr/lib/libauto.dylib
0x0000000003a1c000 	/usr/lib/libicucore.A.dylib
0x0000000003a1c000 	/usr/lib/libxml2.2.dylib
0x0000000003a1c000 	/System/Library/PrivateFrameworks/CoreUI.framework/Versions/A/CoreUI
0x0000000003a1c000 	/System/Library/Frameworks/CoreAudio.framework/Versions/A/CoreAudio
0x0000000003a1c000 	/System/Library/Frameworks/DiskArbitration.framework/Versions/A/DiskArbitration
0x0000000003a1c000 	/usr/lib/liblangid.dylib
0x0000000003a1c000 	/System/Library/PrivateFrameworks/MultitouchSupport.framework/Versions/A/MultitouchSupport
0x0000000003a1c000 	/System/Library/Frameworks/IOKit.framework/Versions/A/IOKit
0x0000000003a1c000 	/usr/lib/libDiagnosticMessagesClient.dylib
0x0000000003a1c000 	/System/Library/Frameworks/CoreServices.framework/Versions/A/CoreServices
0x0000000003a1c000 	/System/Library/PrivateFrameworks/PerformanceAnalysis.framework/Versions/A/PerformanceAnalysis
0x0000000003a1c000 	/System/Library/PrivateFrameworks/GenerationalStorage.framework/Versions/A/GenerationalStorage
0x0000000003a1c000 	/System/Library/Frameworks/OpenGL.framework/Versions/A/OpenGL
0x0000000003a1c000 	/System/Library/PrivateFrameworks/Sharing.framework/Versions/A/Sharing
0x0000000003a1c000 	/System/Library/Frameworks/CoreGraphics.framework/Versions/A/CoreGraphics
0x0000000003a1c000 	/System/Library/Frameworks/CoreText.framework/Versions/A/CoreText
0x0000000003a1c000 	/System/Library/Frameworks/ImageIO.framework/Versions/A/ImageIO
0x0000000003a1c000 	/usr/lib/libextension.dylib
0x0000000003a1c000 	/System/Library/PrivateFrameworks/Backup.framework/Versions/A/Backup
0x0000000003a1c000 	/usr/lib/libarchive.2.dylib
0x0000000003a1c000 	/System/Library/Frameworks/CFNetwork.framework/Versions/A/CFNetwork
0x0000000003a1c000 	/System/Library/Frameworks/SystemConfiguration.framework/Versions/A/SystemConfiguration
0x0000000003a1c000 	/usr/lib/libCRFSuite.dylib
0x0000000003a1c000 	/usr/lib/libc++.1.dylib
0x0000000003a1c000 	/usr/lib/libc++abi.dylib
0x0000000003a1c000 	/usr/lib/system/libcache.dylib
0x0000000003a1c000 	/usr/lib/system/libcommonCrypto.dylib
0x0000000003a1c000 	/usr/lib/system/libcompiler_rt.dylib
0x0000000003a1c000 	/usr/lib/system/libcopyfile.dylib
0x0000000003a1c000 	/usr/lib/system/libcorecrypto.dylib
0x0000000003a1c000 	/usr/lib/system/libdispatch.dylib
0x0000000003a1c000 	/usr/lib/system/libdyld.dylib
0x0000000003a1c000 	/usr/lib/system/libkeymgr.dylib
0x0000000003a1c000 	/usr/lib/system/liblaunch.dylib
0x0000000003a1c000 	/usr/lib/system/libmacho.dylib
0x0000000003a1c000 	/usr/lib/system/libquarantine.dylib
0x0000000003a1c000 	/usr/lib/system/libremovefile.dylib
0x0000000003a1c000 	/usr/lib/system/libsystem_asl.dylib
0x0000000003a1c000 	/usr/lib/system/libsystem_blocks.dylib
0x0000000003a1c000 	/usr/lib/system/libsystem_c.dylib
0x0000000003a1c000 	/usr/lib/system/libsystem_configuration.dylib
0x0000000003a1c000 	/usr/lib/system/libsystem_coreservices.dylib
0x0000000003a1c000 	/usr/lib/system/libsystem_coretls.dylib
0x0000000003a1c000 	/usr/lib/system/libsystem_dnssd.dylib
0x0000000003a1c000 	/usr/lib/system/libsystem_info.dylib
0x0000000003a1c000 	/usr/lib/system/libsystem_kernel.dylib
0x0000000003a1c000 	/usr/lib/system/libsystem_m.dylib
0x0000000003a1c000 	/usr/lib/system/libsystem_malloc.dylib
0x0000000003a1c000 	/usr/lib/system/libsystem_network.dylib
0x0000000003a1c000 	/usr/lib/system/libsystem_networkextension.dylib
0x0000000003a1c000 	/usr/lib/system/libsystem_notify.dylib
0x0000000003a1c000 	/usr/lib/system/libsystem_platform.dylib
0x0000000003a1c000 	/usr/lib/system/libsystem_pthread.dylib
0x0000000003a1c000 	/usr/lib/system/libsystem_sandbox.dylib
0x0000000003a1c000 	/usr/lib/system/libsystem_secinit.dylib
0x0000000003a1c000 	/usr/lib/system/libsystem_stats.dylib
0x0000000003a1c000 	/usr/lib/system/libsystem_trace.dylib
0x0000000003a1c000 	/usr/lib/system/libunc.dylib
0x0000000003a1c000 	/usr/lib/system/libunwind.dylib
0x0000000003a1c000 	/usr/lib/system/libxpc.dylib
0x0000000003a1c000 	/usr/lib/libbz2.1.0.dylib
0x0000000003a1c000 	/usr/lib/liblzma.5.dylib
0x0000000003a1c000 	/usr/lib/libbsm.0.dylib
0x0000000003a1c000 	/usr/lib/libsqlite3.dylib
0x0000000003a1c000 	/usr/lib/system/libkxld.dylib
0x0000000003a1c000 	/usr/lib/libxar.1.dylib
0x0000000003a1c000 	/usr/lib/libpam.2.dylib
0x0000000003a1c000 	/usr/lib/libOpenScriptingUtil.dylib
0x0000000003a1c000 	/System/Library/Frameworks/CoreServices.framework/Versions/A/Frameworks/FSEvents.framework/Versions/A/FSEvents
0x0000000003a1c000 	/System/Library/Frameworks/CoreServices.framework/Versions/A/Frameworks/CarbonCore.framework/Versions/A/CarbonCore
0x0000000003a1c000 	/System/Library/Frameworks/CoreServices.framework/Versions/A/Frameworks/Metadata.framework/Versions/A/Metadata
0x0000000003a1c000 	/System/Library/Frameworks/CoreServices.framework/Versions/A/Frameworks/OSServices.framework/Versions/A/OSServices
0x0000000003a1c000 	/System/Library/Frameworks/CoreServices.framework/Versions/A/Frameworks/SearchKit.framework/Versions/A/SearchKit
0x0000000003a1c000 	/System/Library/Frameworks/CoreServices.framework/Versions/A/Frameworks/AE.framework/Versions/A/AE
0x0000000003a1c000 	/System/Library/Frameworks/CoreServices.framework/Versions/A/Frameworks/LaunchServices.framework/Versions/A/LaunchServices
0x0000000003a1c000 	/System/Library/Frameworks/CoreServices.framework/Versions/A/Frameworks/DictionaryServices.framework/Versions/A/DictionaryServices
0x0000000003a1c000 	/System/Library/Frameworks/NetFS.framework/Versions/A/NetFS
0x0000000003a1c000 	/System/Library/PrivateFrameworks/NetAuth.framework/Versions/A/NetAuth
0x0000000003a1c000 	/System/Library/PrivateFrameworks/login.framework/Versions/A/Frameworks/loginsupport.framework/Versions/A/loginsupport
0x0000000003a1c000 	/System/Library/PrivateFrameworks/TCC.framework/Versions/A/TCC
0x0000000003a1c000 	/usr/lib/libmecabra.dylib
0x0000000003a1c000 	/System/Library/Frameworks/ApplicationServices.framework/Versions/A/Frameworks/ATS.framework/Versions/A/ATS
0x0000000003a1c000 	/System/Library/Frameworks/ApplicationServices.framework/Versions/A/Frameworks/ColorSync.framework/Versions/A/ColorSync
0x0000000003a1c000 	/System/Library/Frameworks/ApplicationServices.framework/Versions/A/Frameworks/HIServices.framework/Versions/A/HIServices
0x0000000003a1c000 	/System/Library/Frameworks/ApplicationServices.framework/Versions/A/Frameworks/LangAnalysis.framework/Versions/A/LangAnalysis
0x0000000003a1c000 	/System/Library/Frameworks/ApplicationServices.framework/Versions/A/Frameworks/PrintCore.framework/Versions/A/PrintCore
0x0000000003a1c000 	/System/Library/Frameworks/ApplicationServices.framework/Versions/A/Frameworks/QD.framework/Versions/A/QD
0x0000000003a1c000 	/System/Library/Frameworks/ApplicationServices.framework/Versions/A/Frameworks/SpeechSynthesis.framework/Versions/A/SpeechSynthesis
0x0000000003a1c000 	/System/Library/Frameworks/Accelerate.framework/Versions/A/Accelerate
0x0000000003a1c000 	/System/Library/Frameworks/Accelerate.framework/Versions/A/Frameworks/vImage.framework/Versions/A/vImage
0x0000000003a1c000 	/System/Library/Frameworks/Accelerate.framework/Versions/A/Frameworks/vecLib.framework/Versions/A/vecLib
0x0000000003a1c000 	/System/Library/Frameworks/Accelerate.framework/Versions/A/Frameworks/vecLib.framework/Versions/A/libvDSP.dylib
0x0000000003a1c000 	/System/Library/Frameworks/Accelerate.framework/Versions/A/Frameworks/vecLib.framework/Versions/A/libvMisc.dylib
0x0000000003a1c000 	/System/Library/Frameworks/Accelerate.framework/Versions/A/Frameworks/vecLib.framework/Versions/A/libLAPACK.dylib
0x0000000003a1c000 	/System/Library/Frameworks/Accelerate.framework/Versions/A/Frameworks/vecLib.framework/Versions/A/libBLAS.dylib
0x0000000003a1c000 	/System/Library/Frameworks/Accelerate.framework/Versions/A/Frameworks/vecLib.framework/Versions/A/libLinearAlgebra.dylib
0x0000000003a1c000 	/System/Library/Frameworks/ApplicationServices.framework/Versions/A/Frameworks/ATS.framework/Versions/A/Resources/libFontParser.dylib
0x0000000003a1c000 	/System/Library/Frameworks/ApplicationServices.framework/Versions/A/Frameworks/ATS.framework/Versions/A/Resources/libFontRegistry.dylib
0x0000000003a1c000 	/System/Library/PrivateFrameworks/AppleVPA.framework/Versions/A/AppleVPA
0x0000000003a1c000 	/System/Library/PrivateFrameworks/AppleJPEG.framework/Versions/A/AppleJPEG
0x0000000003a1c000 	/System/Library/Frameworks/ImageIO.framework/Versions/A/Resources/libJPEG.dylib
0x0000000003a1c000 	/System/Library/Frameworks/ImageIO.framework/Versions/A/Resources/libTIFF.dylib
0x0000000003a1c000 	/System/Library/Frameworks/ImageIO.framework/Versions/A/Resources/libPng.dylib
0x0000000003a1c000 	/System/Library/Frameworks/ImageIO.framework/Versions/A/Resources/libGIF.dylib
0x0000000003a1c000 	/System/Library/Frameworks/ImageIO.framework/Versions/A/Resources/libJP2.dylib
0x0000000003a1c000 	/System/Library/Frameworks/ImageIO.framework/Versions/A/Resources/libRadiance.dylib
0x0000000003a1c000 	/System/Library/Frameworks/CoreVideo.framework/Versions/A/CoreVideo
0x0000000003a1c000 	/System/Library/Frameworks/OpenGL.framework/Versions/A/Libraries/libGLU.dylib
0x0000000003a1c000 	/System/Library/Frameworks/OpenGL.framework/Versions/A/Libraries/libGFXShared.dylib
0x0000000003a1c000 	/System/Library/Frameworks/OpenGL.framework/Versions/A/Libraries/libGL.dylib
0x0000000003a1c000 	/System/Library/Frameworks/OpenGL.framework/Versions/A/Libraries/libGLImage.dylib
0x0000000003a1c000 	/System/Library/Frameworks/OpenGL.framework/Versions/A/Libraries/libCVMSPluginSupport.dylib
0x0000000003a1c000 	/System/Library/Frameworks/OpenGL.framework/Versions/A/Libraries/libCoreVMClient.dylib
0x0000000003a1c000 	/usr/lib/libcups.2.dylib
0x0000000003a1c000 	/System/Library/Frameworks/Kerberos.framework/Versions/A/Kerberos
0x0000000003a1c000 	/System/Library/Frameworks/GSS.framework/Versions/A/GSS
0x0000000003a1c000 	/usr/lib/libresolv.9.dylib
0x0000000003a1c000 	/usr/lib/libiconv.2.dylib
0x0000000003a1c000 	/System/Library/PrivateFrameworks/Heimdal.framework/Versions/A/Heimdal
0x0000000003a1c000 	/usr/lib/libheimdal-asn1.dylib
0x0000000003a1c000 	/System/Library/Frameworks/OpenDirectory.framework/Versions/A/OpenDirectory
0x0000000003a1c000 	/System/Library/PrivateFrameworks/CommonAuth.framework/Versions/A/CommonAuth
0x0000000003a1c000 	/System/Library/Frameworks/OpenDirectory.framework/Versions/A/Frameworks/CFOpenDirectory.framework/Versions/A/CFOpenDirectory
0x0000000003a1c000 	/System/Library/Frameworks/SecurityFoundation.framework/Versions/A/SecurityFoundation
0x0000000003a1c000 	/System/Library/PrivateFrameworks/LanguageModeling.framework/Versions/A/LanguageModeling
0x0000000003a1c000 	/usr/lib/libcmph.dylib
0x0000000003a1c000 	/System/Library/Frameworks/ServiceManagement.framework/Versions/A/ServiceManagement
0x0000000003a1c000 	/usr/lib/libxslt.1.dylib
0x0000000003a1c000 	/System/Library/Frameworks/Carbon.framework/Versions/A/Frameworks/Ink.framework/Versions/A/Ink
0x0000000003a1c000 	/System/Library/Frameworks/QuartzCore.framework/Versions/A/Frameworks/CoreImage.framework/Versions/A/CoreImage
0x0000000003a1c000 	/System/Library/PrivateFrameworks/CrashReporterSupport.framework/Versions/A/CrashReporterSupport
0x0000000003a1c000 	/System/Library/Frameworks/OpenCL.framework/Versions/A/OpenCL
0x0000000003a1c000 	/System/Library/PrivateFrameworks/FaceCore.framework/Versions/A/FaceCore
0x0000000003a1c000 	/System/Library/PrivateFrameworks/Ubiquity.framework/Versions/A/Ubiquity
0x0000000003a1c000 	/System/Library/PrivateFrameworks/IconServices.framework/Versions/A/IconServices
0x0000000003a1c000 	/System/Library/PrivateFrameworks/ChunkingLibrary.framework/Versions/A/ChunkingLibrary
0x0000000003a1c000 	/System/Library/PrivateFrameworks/Apple80211.framework/Versions/A/Apple80211
0x0000000003a1c000 	/System/Library/Frameworks/CoreWLAN.framework/Versions/A/CoreWLAN
0x0000000003a1c000 	/System/Library/Frameworks/IOBluetooth.framework/Versions/A/IOBluetooth
0x0000000003a1c000 	/System/Library/PrivateFrameworks/CoreWiFi.framework/Versions/A/CoreWiFi
0x0000000003a1c000 	/System/Library/Frameworks/CoreBluetooth.framework/Versions/A/CoreBluetooth
0x0000000003a1c000 	/System/Library/PrivateFrameworks/DebugSymbols.framework/Versions/A/DebugSymbols
0x0000000003a1c000 	/System/Library/PrivateFrameworks/CoreSymbolication.framework/Versions/A/CoreSymbolication
0x0000000003a1c000 	/System/Library/PrivateFrameworks/Symbolication.framework/Versions/A/Symbolication
0x0000000003a1c000 	/System/Library/PrivateFrameworks/SpeechRecognitionCore.framework/Versions/A/SpeechRecognitionCore
0x000000010e7fb000 	/Library/Java/JavaVirtualMachines/jdk1.8.0_31.jdk/Contents/Home/jre/lib/server/libjvm.dylib
0x0000000003a1c000 	/usr/lib/libstdc++.6.dylib
0x000000010f731000 	/Library/Java/JavaVirtualMachines/jdk1.8.0_31.jdk/Contents/Home/jre/lib/libverify.dylib
0x000000010f73f000 	/Library/Java/JavaVirtualMachines/jdk1.8.0_31.jdk/Contents/Home/jre/lib/libjava.dylib
0x000000010f77d000 	/Library/Java/JavaVirtualMachines/jdk1.8.0_31.jdk/Contents/Home/jre/lib/libzip.dylib
0x000000010f7e3000 	/System/Library/Frameworks/JavaVM.framework/Frameworks/JavaRuntimeSupport.framework/JavaRuntimeSupport
0x0000000123bb3000 	/System/Library/Frameworks/JavaVM.framework/Versions/A/Frameworks/JavaNativeFoundation.framework/Versions/A/JavaNativeFoundation
0x0000000123bc8000 	/System/Library/Frameworks/JavaVM.framework/Versions/A/JavaVM
0x0000000003a1c000 	/System/Library/Frameworks/Carbon.framework/Versions/A/Carbon
0x0000000123bd5000 	/System/Library/PrivateFrameworks/JavaLaunching.framework/Versions/A/JavaLaunching
0x0000000003a1c000 	/System/Library/Frameworks/Carbon.framework/Versions/A/Frameworks/CommonPanels.framework/Versions/A/CommonPanels
0x0000000003a1c000 	/System/Library/Frameworks/Carbon.framework/Versions/A/Frameworks/Help.framework/Versions/A/Help
0x0000000003a1c000 	/System/Library/Frameworks/Carbon.framework/Versions/A/Frameworks/ImageCapture.framework/Versions/A/ImageCapture
0x0000000003a1c000 	/System/Library/Frameworks/Carbon.framework/Versions/A/Frameworks/OpenScripting.framework/Versions/A/OpenScripting
0x0000000003a1c000 	/System/Library/Frameworks/Carbon.framework/Versions/A/Frameworks/Print.framework/Versions/A/Print
0x0000000003a1c000 	/System/Library/Frameworks/Carbon.framework/Versions/A/Frameworks/SecurityHI.framework/Versions/A/SecurityHI
0x0000000125b09000 	/Library/Java/JavaVirtualMachines/jdk1.8.0_31.jdk/Contents/Home/jre/lib/libawt.dylib
0x0000000125bb8000 	/Library/Java/JavaVirtualMachines/jdk1.8.0_31.jdk/Contents/Home/jre/lib/./libmlib_image.dylib
0x0000000125c84000 	/Library/Java/JavaVirtualMachines/jdk1.8.0_31.jdk/Contents/Home/jre/lib/libawt_lwawt.dylib
0x0000000125d37000 	/Library/Java/JavaVirtualMachines/jdk1.8.0_31.jdk/Contents/Home/jre/lib/./libosxapp.dylib
0x0000000003a1c000 	/System/Library/Frameworks/ExceptionHandling.framework/Versions/A/ExceptionHandling
0x0000000003a1c000 	/System/Library/PrivateFrameworks/CoreServicesInternal.framework/Versions/A/CoreServicesInternal
0x0000000003a1c000 	/System/Library/PrivateFrameworks/CloudDocs.framework/Versions/A/CloudDocs
0x0000000003a1c000 	/System/Library/PrivateFrameworks/CoreDuet.framework/Versions/A/CoreDuet
0x0000000003a1c000 	/System/Library/Frameworks/CloudKit.framework/Versions/A/CloudKit
0x0000000003a1c000 	/System/Library/PrivateFrameworks/ProtocolBuffer.framework/Versions/A/ProtocolBuffer
0x0000000003a1c000 	/System/Library/PrivateFrameworks/CoreDuetDaemonProtocol.framework/Versions/A/CoreDuetDaemonProtocol
0x0000000003a1c000 	/System/Library/PrivateFrameworks/CoreDuetDebugLogging.framework/Versions/A/CoreDuetDebugLogging
0x0000000003a1c000 	/System/Library/PrivateFrameworks/MMCS.framework/Versions/A/MMCS
0x0000000003a1c000 	/System/Library/Frameworks/CoreLocation.framework/Versions/A/CoreLocation
0x0000000003a1c000 	/System/Library/PrivateFrameworks/ProtectedCloudStorage.framework/Versions/A/ProtectedCloudStorage
0x0000000003a1c000 	/System/Library/PrivateFrameworks/GeoServices.framework/Versions/A/GeoServices
0x00000001273c9000 	/System/Library/Frameworks/CoreGraphics.framework/Versions/A/Resources/libCGCMS.A.dylib
0x0000000127eac000 	/System/Library/Frameworks/CoreGraphics.framework/Versions/A/Resources/libRIP.A.dylib
0x000000012812f000 	/System/Library/Frameworks/CoreGraphics.framework/Versions/A/Resources/libCGXType.A.dylib
0x0000000003a1c000 	/System/Library/Frameworks/OpenCL.framework/Versions/A/Libraries/libcldcpuengine.dylib
0x0000000003a1c000 	/System/Library/PrivateFrameworks/DiskImages.framework/Versions/A/DiskImages
0x0000000003a1c000 	/System/Library/Frameworks/DiscRecording.framework/Versions/A/DiscRecording
0x0000000003a1c000 	/usr/lib/libcsfde.dylib
0x0000000003a1c000 	/usr/lib/libcurl.4.dylib
0x0000000003a1c000 	/System/Library/PrivateFrameworks/MediaKit.framework/Versions/A/MediaKit
0x0000000003a1c000 	/usr/lib/libCoreStorage.dylib
0x0000000003a1c000 	/System/Library/PrivateFrameworks/EFILogin.framework/Versions/A/EFILogin
0x0000000003a1c000 	/usr/lib/libutil.dylib
0x0000000003a1c000 	/System/Library/PrivateFrameworks/FindMyDevice.framework/Versions/A/FindMyDevice
0x0000000003a1c000 	/System/Library/Frameworks/LDAP.framework/Versions/A/LDAP
0x0000000003a1c000 	/usr/lib/libsasl2.2.dylib
0x0000000003a1c000 	/System/Library/PrivateFrameworks/CoreDaemon.framework/Versions/B/CoreDaemon
0x0000000003a1c000 	/usr/lib/libcrypto.0.9.8.dylib
0x0000000003a1c000 	/System/Library/PrivateFrameworks/AppleSRP.framework/Versions/A/AppleSRP
0x0000000003a1c000 	/System/Library/PrivateFrameworks/TrustEvaluationAgent.framework/Versions/A/TrustEvaluationAgent
0x0000000128b9d000 	cl_kernels
0x0000000128b9f000 	/System/Library/Frameworks/OpenCL.framework/Versions/A/Libraries/ImageFormats/unorm8_bgra.dylib
0x0000000128b8e000 	cl_kernels
0x0000000003a1c000 	/System/Library/PrivateFrameworks/FamilyControls.framework/Versions/A/FamilyControls
0x0000000003a1c000 	/System/Library/PrivateFrameworks/CommerceKit.framework/Versions/A/Frameworks/CommerceCore.framework/Versions/A/CommerceCore
0x0000000003a1c000 	/System/Library/PrivateFrameworks/SystemAdministration.framework/Versions/A/SystemAdministration
0x0000000003a1c000 	/System/Library/PrivateFrameworks/AppContainer.framework/Versions/A/AppContainer
0x0000000003a1c000 	/System/Library/PrivateFrameworks/SecCodeWrapper.framework/Versions/A/SecCodeWrapper
0x0000000003a1c000 	/System/Library/Frameworks/DirectoryService.framework/Versions/A/DirectoryService
0x0000000003a1c000 	/System/Library/PrivateFrameworks/LoginUIKit.framework/Versions/A/Frameworks/LoginUICore.framework/Versions/A/LoginUICore
0x0000000003a1c000 	/usr/lib/libodfde.dylib
0x00000001280bd000 	/Library/Java/JavaVirtualMachines/jdk1.8.0_31.jdk/Contents/Home/jre/lib/libnio.dylib
0x00000001280cd000 	/Library/Java/JavaVirtualMachines/jdk1.8.0_31.jdk/Contents/Home/jre/lib/./libnet.dylib
0x000000012a0ee000 	/System/Library/Frameworks/OpenGL.framework/Resources/GLEngine.bundle/GLEngine
0x0000000003a1c000 	/System/Library/Frameworks/OpenGL.framework/Versions/A/Libraries/libGLProgrammability.dylib
0x000000012a2d9000 	/System/Library/Extensions/AMDRadeonX3000GLDriver.bundle/Contents/MacOS/AMDRadeonX3000GLDriver
0x0000000003a1c000 	/System/Library/PrivateFrameworks/IOAccelerator.framework/Versions/A/IOAccelerator
0x0000000003a1c000 	/System/Library/PrivateFrameworks/GPUSupport.framework/Versions/A/Libraries/libGPUSupportMercury.dylib
0x000000012a5dc000 	/System/Library/Frameworks/OpenGL.framework/Resources//GLRendererFloat.bundle/GLRendererFloat
0x000000012a686000 	/Library/Java/JavaVirtualMachines/jdk1.8.0_31.jdk/Contents/Home/jre/lib/libfontmanager.dylib
0x000000012a6ed000 	/Library/Java/JavaVirtualMachines/jdk1.8.0_31.jdk/Contents/Home/jre/lib/libosxui.dylib
0x0000000003a1c000 	/System/Library/Frameworks/Accelerate.framework/Versions/A/Frameworks/vImage.framework/Versions/A/Libraries/libCGInterfaces.dylib
0x000000012bbf5000 	/Library/Java/JavaVirtualMachines/jdk1.8.0_31.jdk/Contents/Home/jre/lib/libjpeg.dylib
0x000000012be3f000 	/Library/Java/JavaVirtualMachines/jdk1.8.0_31.jdk/Contents/Home/jre/lib/libdcpr.dylib

VM Arguments:
jvm_args: -Dfile.encoding=UTF-8 
java_command: scripts.Runner
java_class_path (initial): /Users/jezhou8/Desktop/workspace/apcs-final-project-noparthi/bin
Launcher Type: SUN_STANDARD

Environment Variables:
PATH=/usr/bin:/bin:/usr/sbin:/sbin
SHELL=/bin/bash

Signal Handlers:
SIGSEGV: [libjvm.dylib+0x57a0e7], sa_mask[0]=11111111011111110111111111111111, sa_flags=SA_ONSTACK|SA_RESTART|SA_SIGINFO
SIGBUS: [libjvm.dylib+0x57a0e7], sa_mask[0]=11111111011111110111111111111111, sa_flags=SA_RESTART|SA_SIGINFO
SIGFPE: [libjvm.dylib+0x45af24], sa_mask[0]=11111111011111110111111111111111, sa_flags=SA_RESTART|SA_SIGINFO
SIGPIPE: [libjvm.dylib+0x45af24], sa_mask[0]=11111111011111110111111111111111, sa_flags=SA_RESTART|SA_SIGINFO
SIGXFSZ: [libjvm.dylib+0x45af24], sa_mask[0]=11111111011111110111111111111111, sa_flags=SA_RESTART|SA_SIGINFO
SIGILL: [libjvm.dylib+0x45af24], sa_mask[0]=11111111011111110111111111111111, sa_flags=SA_RESTART|SA_SIGINFO
SIGUSR1: SIG_DFL, sa_mask[0]=00000000000000000000000000000000, sa_flags=none
SIGUSR2: [libjvm.dylib+0x45aa42], sa_mask[0]=00100000000000000000000000000000, sa_flags=SA_RESTART|SA_SIGINFO
SIGHUP: [libjvm.dylib+0x459015], sa_mask[0]=11111111011111110111111111111111, sa_flags=SA_RESTART|SA_SIGINFO
SIGINT: [libjvm.dylib+0x459015], sa_mask[0]=11111111011111110111111111111111, sa_flags=SA_RESTART|SA_SIGINFO
SIGTERM: [libjvm.dylib+0x459015], sa_mask[0]=11111111011111110111111111111111, sa_flags=SA_RESTART|SA_SIGINFO
SIGQUIT: [libjvm.dylib+0x459015], sa_mask[0]=11111111011111110111111111111111, sa_flags=SA_RESTART|SA_SIGINFO


---------------  S Y S T E M  ---------------

OS:Bsduname:Darwin 14.5.0 Darwin Kernel Version 14.5.0: Tue Sep  1 21:23:09 PDT 2015; root:xnu-2782.50.1~1/RELEASE_X86_64 x86_64
rlimit: STACK 8192k, CORE 0k, NPROC 709, NOFILE 10240, AS infinity
load average:2.90 2.77 2.44

CPU:total 4 (4 cores per cpu, 1 threads per core) family 6 model 42 stepping 7, cmov, cx8, fxsr, mmx, sse, sse2, sse3, ssse3, sse4.1, sse4.2, popcnt, avx, aes, clmul, tsc, tscinvbit

Memory: 4k page, physical 4194304k(88128k free)

/proc/meminfo:


vm_info: Java HotSpot(TM) 64-Bit Server VM (25.31-b07) for bsd-amd64 JRE (1.8.0_31-b13), built on Dec 17 2014 20:45:36 by "java_re" with gcc 4.2.1 (Based on Apple Inc. build 5658) (LLVM build 2336.11.00)

time: Mon May 23 15:03:05 2016
elapsed time: 11 seconds (0d 0h 0m 11s)

